{"uuid":"a8966832-8e4d-42bb-813b-26673b685147","historyId":"c6ed229a3c96f04fe815f2824c39a91a","testCaseId":"1dc6c92e5d131326cf9f4c4b26b7ca09","fullName":"src/test/resources/features/guestFlow.feature:4","labels":[{"name":"tag","value":"PatientGuestRequest"},{"name":"host","value":"ZaeemAhmed"},{"name":"thread","value":"36476@ZaeemAhmed.main(1)"},{"name":"feature","value":"Guest Flow feature"},{"name":"story","value":"Successful guest flow of the patient visit"},{"name":"suite","value":"Guest Flow feature"},{"name":"testClass","value":"Successful guest flow of the patient visit"},{"name":"framework","value":"cucumber4jvm"},{"name":"language","value":"java"},{"name":"gherkin_uri","value":"file:///C:/Users/Zaeem/IdeaProjects/Practice/src/test/resources/features/guestFlow.feature"},{"name":"package","value":"src.test.resources.features.guestFlow_feature.Guest Flow feature"}],"links":[],"name":"Successful guest flow of the patient visit","status":"broken","statusDetails":{"known":false,"muted":false,"flaky":false,"message":"Expected condition failed: waiting for element to be clickable: [[ChromeDriver: chrome on windows (dad6c2e2da811d4bfa41c5abf3c0f67a)] -> class name: ng-star-inserted] (tried for 30 second(s) with 500 milliseconds interval)\nBuild info: version: '4.21.0', revision: '79ed462ef4'\nSystem info: os.name: 'Windows 11', os.arch: 'amd64', os.version: '10.0', java.version: '22.0.1'\nDriver info: org.openqa.selenium.chrome.ChromeDriver\nCapabilities {acceptInsecureCerts: false, browserName: chrome, browserVersion: 125.0.6422.142, chrome: {chromedriverVersion: 125.0.6422.141 (4b1e8393712..., userDataDir: C:\\Users\\Zaeem\\AppData\\Loca...}, fedcm:accounts: true, goog:chromeOptions: {debuggerAddress: localhost:63777}, networkConnectionEnabled: false, pageLoadStrategy: normal, platformName: windows, proxy: Proxy(), se:cdp: ws://localhost:63777/devtoo..., se:cdpVersion: 125.0.6422.142, setWindowRect: true, strictFileInteractability: false, timeouts: {implicit: 0, pageLoad: 300000, script: 30000}, unhandledPromptBehavior: dismiss and notify, webauthn:extension:credBlob: true, webauthn:extension:largeBlob: true, webauthn:extension:minPinLength: true, webauthn:extension:prf: true, webauthn:virtualAuthenticators: true}\nSession ID: dad6c2e2da811d4bfa41c5abf3c0f67a","trace":"org.openqa.selenium.TimeoutException: Expected condition failed: waiting for element to be clickable: [[ChromeDriver: chrome on windows (dad6c2e2da811d4bfa41c5abf3c0f67a)] -> class name: ng-star-inserted] (tried for 30 second(s) with 500 milliseconds interval)\nBuild info: version: '4.21.0', revision: '79ed462ef4'\nSystem info: os.name: 'Windows 11', os.arch: 'amd64', os.version: '10.0', java.version: '22.0.1'\nDriver info: org.openqa.selenium.chrome.ChromeDriver\nCapabilities {acceptInsecureCerts: false, browserName: chrome, browserVersion: 125.0.6422.142, chrome: {chromedriverVersion: 125.0.6422.141 (4b1e8393712..., userDataDir: C:\\Users\\Zaeem\\AppData\\Loca...}, fedcm:accounts: true, goog:chromeOptions: {debuggerAddress: localhost:63777}, networkConnectionEnabled: false, pageLoadStrategy: normal, platformName: windows, proxy: Proxy(), se:cdp: ws://localhost:63777/devtoo..., se:cdpVersion: 125.0.6422.142, setWindowRect: true, strictFileInteractability: false, timeouts: {implicit: 0, pageLoad: 300000, script: 30000}, unhandledPromptBehavior: dismiss and notify, webauthn:extension:credBlob: true, webauthn:extension:largeBlob: true, webauthn:extension:minPinLength: true, webauthn:extension:prf: true, webauthn:virtualAuthenticators: true}\nSession ID: dad6c2e2da811d4bfa41c5abf3c0f67a\r\n\tat org.openqa.selenium.support.ui.WebDriverWait.timeoutException(WebDriverWait.java:84)\r\n\tat org.openqa.selenium.support.ui.FluentWait.until(FluentWait.java:228)\r\n\tat utils.GenericFunctionUtil.wait(GenericFunctionUtil.java:19)\r\n\tat pages.AddressPage.getHeadingText(AddressPage.java:22)\r\n\tat steps.StepDefinitions.userIsOnAddressPage(StepDefinitions.java:64)\r\n\tat ✽.User is on address page(file:///C:/Users/Zaeem/IdeaProjects/Practice/src/test/resources/features/guestFlow.feature:8)\r\n"},"stage":"finished","steps":[{"name":"Given User is on welcome page","status":"passed","statusDetails":{"known":false,"muted":false,"flaky":false},"stage":"finished","steps":[],"attachments":[],"parameters":[],"start":1718025275698,"stop":1718025278471},{"name":"When User clicks on \"I am a Patient\"","status":"passed","statusDetails":{"known":false,"muted":false,"flaky":false},"stage":"finished","steps":[],"attachments":[],"parameters":[],"start":1718025278471,"stop":1718025280515},{"name":"And User enters \"CCA-ICO\"","status":"passed","statusDetails":{"known":false,"muted":false,"flaky":false},"stage":"finished","steps":[],"attachments":[],"parameters":[],"start":1718025280515,"stop":1718025281251},{"name":"Then User is on address page","status":"broken","statusDetails":{"known":false,"muted":false,"flaky":false,"message":"Expected condition failed: waiting for element to be clickable: [[ChromeDriver: chrome on windows (dad6c2e2da811d4bfa41c5abf3c0f67a)] -> class name: ng-star-inserted] (tried for 30 second(s) with 500 milliseconds interval)\nBuild info: version: '4.21.0', revision: '79ed462ef4'\nSystem info: os.name: 'Windows 11', os.arch: 'amd64', os.version: '10.0', java.version: '22.0.1'\nDriver info: org.openqa.selenium.chrome.ChromeDriver\nCapabilities {acceptInsecureCerts: false, browserName: chrome, browserVersion: 125.0.6422.142, chrome: {chromedriverVersion: 125.0.6422.141 (4b1e8393712..., userDataDir: C:\\Users\\Zaeem\\AppData\\Loca...}, fedcm:accounts: true, goog:chromeOptions: {debuggerAddress: localhost:63777}, networkConnectionEnabled: false, pageLoadStrategy: normal, platformName: windows, proxy: Proxy(), se:cdp: ws://localhost:63777/devtoo..., se:cdpVersion: 125.0.6422.142, setWindowRect: true, strictFileInteractability: false, timeouts: {implicit: 0, pageLoad: 300000, script: 30000}, unhandledPromptBehavior: dismiss and notify, webauthn:extension:credBlob: true, webauthn:extension:largeBlob: true, webauthn:extension:minPinLength: true, webauthn:extension:prf: true, webauthn:virtualAuthenticators: true}\nSession ID: dad6c2e2da811d4bfa41c5abf3c0f67a","trace":"org.openqa.selenium.TimeoutException: Expected condition failed: waiting for element to be clickable: [[ChromeDriver: chrome on windows (dad6c2e2da811d4bfa41c5abf3c0f67a)] -> class name: ng-star-inserted] (tried for 30 second(s) with 500 milliseconds interval)\nBuild info: version: '4.21.0', revision: '79ed462ef4'\nSystem info: os.name: 'Windows 11', os.arch: 'amd64', os.version: '10.0', java.version: '22.0.1'\nDriver info: org.openqa.selenium.chrome.ChromeDriver\nCapabilities {acceptInsecureCerts: false, browserName: chrome, browserVersion: 125.0.6422.142, chrome: {chromedriverVersion: 125.0.6422.141 (4b1e8393712..., userDataDir: C:\\Users\\Zaeem\\AppData\\Loca...}, fedcm:accounts: true, goog:chromeOptions: {debuggerAddress: localhost:63777}, networkConnectionEnabled: false, pageLoadStrategy: normal, platformName: windows, proxy: Proxy(), se:cdp: ws://localhost:63777/devtoo..., se:cdpVersion: 125.0.6422.142, setWindowRect: true, strictFileInteractability: false, timeouts: {implicit: 0, pageLoad: 300000, script: 30000}, unhandledPromptBehavior: dismiss and notify, webauthn:extension:credBlob: true, webauthn:extension:largeBlob: true, webauthn:extension:minPinLength: true, webauthn:extension:prf: true, webauthn:virtualAuthenticators: true}\nSession ID: dad6c2e2da811d4bfa41c5abf3c0f67a\r\n\tat org.openqa.selenium.support.ui.WebDriverWait.timeoutException(WebDriverWait.java:84)\r\n\tat org.openqa.selenium.support.ui.FluentWait.until(FluentWait.java:228)\r\n\tat utils.GenericFunctionUtil.wait(GenericFunctionUtil.java:19)\r\n\tat pages.AddressPage.getHeadingText(AddressPage.java:22)\r\n\tat steps.StepDefinitions.userIsOnAddressPage(StepDefinitions.java:64)\r\n\tat ✽.User is on address page(file:///C:/Users/Zaeem/IdeaProjects/Practice/src/test/resources/features/guestFlow.feature:8)\r\n"},"stage":"finished","steps":[],"attachments":[],"parameters":[],"start":1718025281251,"stop":1718025311982}],"attachments":[],"parameters":[],"start":1718025274610,"stop":1718025312012}